c:\users\tianyi\desktop\project4\project4\debug\vc120.pdb
c:\users\tianyi\desktop\project4\project4\debug\vc120.idb
c:\users\tianyi\desktop\project4\project4\debug\source.obj
c:\users\tianyi\desktop\project4\debug\project4.pdb
c:\users\tianyi\desktop\project4\project4\debug\project4.tlog\cl.command.1.tlog
c:\users\tianyi\desktop\project4\project4\debug\project4.tlog\cl.read.1.tlog
c:\users\tianyi\desktop\project4\project4\debug\project4.tlog\cl.write.1.tlog
c:\users\tianyi\desktop\project4\project4\debug\project4.tlog\link-cvtres.read.1.tlog
c:\users\tianyi\desktop\project4\project4\debug\project4.tlog\link-cvtres.write.1.tlog
c:\users\tianyi\desktop\project4\project4\debug\project4.tlog\link-rc.read.1.tlog
c:\users\tianyi\desktop\project4\project4\debug\project4.tlog\link-rc.write.1.tlog
c:\users\tianyi\desktop\project4\project4\debug\project4.tlog\link.11336-cvtres.read.1.tlog
c:\users\tianyi\desktop\project4\project4\debug\project4.tlog\link.11336-cvtres.write.1.tlog
c:\users\tianyi\desktop\project4\project4\debug\project4.tlog\link.11336-rc.read.1.tlog
c:\users\tianyi\desktop\project4\project4\debug\project4.tlog\link.11336-rc.write.1.tlog
c:\users\tianyi\desktop\project4\project4\debug\project4.tlog\link.11336.read.1.tlog
c:\users\tianyi\desktop\project4\project4\debug\project4.tlog\link.11336.write.1.tlog
c:\users\tianyi\desktop\project4\project4\debug\project4.tlog\link.command.1.tlog
c:\users\tianyi\desktop\project4\project4\debug\project4.tlog\link.read.1.tlog
c:\users\tianyi\desktop\project4\project4\debug\project4.tlog\link.write.1.tlog
